  [1m[35m (0.1ms)[0m  [1m[34mSELECT sqlite_version(*)[0m
  [1m[35m (3.7ms)[0m  [1m[35mCREATE TABLE "schema_migrations" ("version" varchar NOT NULL PRIMARY KEY)[0m
  [1m[35m (3.2ms)[0m  [1m[35mCREATE TABLE "ar_internal_metadata" ("key" varchar NOT NULL PRIMARY KEY, "value" varchar, "created_at" datetime NOT NULL, "updated_at" datetime NOT NULL)[0m
  [1m[35m (0.9ms)[0m  [1m[34mSELECT "schema_migrations"."version" FROM "schema_migrations" ORDER BY "schema_migrations"."version" ASC[0m
Migrating to CreateClients (20180405054904)
  [1m[35m (0.1ms)[0m  [1m[36mbegin transaction[0m
  [1m[35m (2.8ms)[0m  [1m[35mCREATE TABLE "clients" ("id" INTEGER PRIMARY KEY AUTOINCREMENT NOT NULL, "clientid" varchar, "mobile" varchar, "first_name" varchar, "last_name" varchar, "email" varchar, "avg_revenue" varchar, "sms_status" integer DEFAULT 0, "created_at" datetime NOT NULL, "updated_at" datetime NOT NULL)[0m
  [1m[35mSQL (0.6ms)[0m  [1m[32mINSERT INTO "schema_migrations" ("version") VALUES (?)[0m  [["version", "20180405054904"]]
  [1m[35m (1.2ms)[0m  [1m[36mcommit transaction[0m
Migrating to CreateResults (20180405055055)
  [1m[35m (0.1ms)[0m  [1m[36mbegin transaction[0m
  [1m[35m (2.0ms)[0m  [1m[35mCREATE TABLE "results" ("id" INTEGER PRIMARY KEY AUTOINCREMENT NOT NULL, "resultid" varchar, "help" text, "revenue_last_month" varchar, "mobile_number" varchar, "income_goal" varchar, "date" varchar, "client_id" integer, "created_at" datetime NOT NULL, "updated_at" datetime NOT NULL)[0m
  [1m[35mSQL (0.5ms)[0m  [1m[32mINSERT INTO "schema_migrations" ("version") VALUES (?)[0m  [["version", "20180405055055"]]
  [1m[35m (1.2ms)[0m  [1m[36mcommit transaction[0m
Migrating to AddMonthToResult (20180407073744)
  [1m[35m (0.1ms)[0m  [1m[36mbegin transaction[0m
  [1m[35m (2.1ms)[0m  [1m[35mALTER TABLE "results" ADD "month" varchar[0m
  [1m[35mSQL (0.9ms)[0m  [1m[32mINSERT INTO "schema_migrations" ("version") VALUES (?)[0m  [["version", "20180407073744"]]
  [1m[35m (0.9ms)[0m  [1m[36mcommit transaction[0m
Migrating to AddLatestReportDateToClient (20180408061008)
  [1m[35m (0.1ms)[0m  [1m[36mbegin transaction[0m
  [1m[35m (2.2ms)[0m  [1m[35mALTER TABLE "clients" ADD "latest_report_date" datetime[0m
  [1m[35m (0.2ms)[0m  [1m[35mALTER TABLE "clients" ADD "run_rate" varchar[0m
  [1m[35m (0.2ms)[0m  [1m[35mALTER TABLE "clients" ADD "all_month_average_revenue" varchar[0m
  [1m[35m (0.2ms)[0m  [1m[35mALTER TABLE "clients" ADD "time_zone" varchar[0m
  [1m[35m (0.2ms)[0m  [1m[35mALTER TABLE "clients" ADD "latest_month_revenue" varchar[0m
  [1m[35m (0.8ms)[0m  [1m[35mALTER TABLE "clients" ADD "third_latest_report_date" datetime[0m
  [1m[35m (0.2ms)[0m  [1m[35mALTER TABLE "clients" ADD "baseline_12_month_income" varchar[0m
  [1m[35m (1.0ms)[0m  [1m[35mALTER TABLE "clients" ADD "baseline_12_month_revenue" varchar[0m
  [1m[35mSQL (1.2ms)[0m  [1m[32mINSERT INTO "schema_migrations" ("version") VALUES (?)[0m  [["version", "20180408061008"]]
  [1m[35m (0.9ms)[0m  [1m[36mcommit transaction[0m
Migrating to AddOtherCommentsToResult (20180408061327)
  [1m[35m (0.1ms)[0m  [1m[36mbegin transaction[0m
  [1m[35m (2.3ms)[0m  [1m[35mALTER TABLE "results" ADD "other_comments" text[0m
  [1m[35m (0.4ms)[0m  [1m[35mALTER TABLE "results" ADD "latest_report_date" datetime[0m
  [1m[35m (0.1ms)[0m  [1m[35mALTER TABLE "results" ADD "latest_report" varchar[0m
  [1m[35m (0.2ms)[0m  [1m[35mALTER TABLE "results" ADD "third_recent_report" varchar[0m
  [1m[35mSQL (0.9ms)[0m  [1m[32mINSERT INTO "schema_migrations" ("version") VALUES (?)[0m  [["version", "20180408061327"]]
  [1m[35m (1.4ms)[0m  [1m[36mcommit transaction[0m
Migrating to DeviseCreateAdminUsers (20180408080749)
  [1m[35m (0.1ms)[0m  [1m[36mbegin transaction[0m
  [1m[35m (2.2ms)[0m  [1m[35mCREATE TABLE "admin_users" ("id" INTEGER PRIMARY KEY AUTOINCREMENT NOT NULL, "email" varchar DEFAULT '' NOT NULL, "encrypted_password" varchar DEFAULT '' NOT NULL, "reset_password_token" varchar, "reset_password_sent_at" datetime, "remember_created_at" datetime, "sign_in_count" integer DEFAULT 0 NOT NULL, "current_sign_in_at" datetime, "last_sign_in_at" datetime, "current_sign_in_ip" varchar, "last_sign_in_ip" varchar, "created_at" datetime NOT NULL, "updated_at" datetime NOT NULL)[0m
  [1m[35m (15.0ms)[0m  [1m[35mCREATE UNIQUE INDEX "index_admin_users_on_email" ON "admin_users" ("email")[0m
  [1m[35m (0.2ms)[0m  [1m[34m            SELECT sql
            FROM sqlite_master
            WHERE name='index_admin_users_on_email' AND type='index'
            UNION ALL
            SELECT sql
            FROM sqlite_temp_master
            WHERE name='index_admin_users_on_email' AND type='index'
[0m
  [1m[35m (0.2ms)[0m  [1m[35mCREATE UNIQUE INDEX "index_admin_users_on_reset_password_token" ON "admin_users" ("reset_password_token")[0m
  [1m[35mSQL (1.1ms)[0m  [1m[32mINSERT INTO "schema_migrations" ("version") VALUES (?)[0m  [["version", "20180408080749"]]
  [1m[35m (2.4ms)[0m  [1m[36mcommit transaction[0m
Migrating to CreateActiveAdminComments (20180408080755)
  [1m[35m (0.1ms)[0m  [1m[36mbegin transaction[0m
  [1m[35m (2.5ms)[0m  [1m[35mCREATE TABLE "active_admin_comments" ("id" INTEGER PRIMARY KEY AUTOINCREMENT NOT NULL, "namespace" varchar, "body" text, "resource_type" varchar, "resource_id" integer, "author_type" varchar, "author_id" integer, "created_at" datetime NOT NULL, "updated_at" datetime NOT NULL)[0m
  [1m[35m (0.1ms)[0m  [1m[35mCREATE  INDEX "index_active_admin_comments_on_resource_type_and_resource_id" ON "active_admin_comments" ("resource_type", "resource_id")[0m
  [1m[35m (0.1ms)[0m  [1m[34m            SELECT sql
            FROM sqlite_master
            WHERE name='index_active_admin_comments_on_resource_type_and_resource_id' AND type='index'
            UNION ALL
            SELECT sql
            FROM sqlite_temp_master
            WHERE name='index_active_admin_comments_on_resource_type_and_resource_id' AND type='index'
[0m
  [1m[35m (0.7ms)[0m  [1m[35mCREATE  INDEX "index_active_admin_comments_on_author_type_and_author_id" ON "active_admin_comments" ("author_type", "author_id")[0m
  [1m[35m (0.1ms)[0m  [1m[34m            SELECT sql
            FROM sqlite_master
            WHERE name='index_active_admin_comments_on_author_type_and_author_id' AND type='index'
            UNION ALL
            SELECT sql
            FROM sqlite_temp_master
            WHERE name='index_active_admin_comments_on_author_type_and_author_id' AND type='index'
[0m
  [1m[35m (0.1ms)[0m  [1m[34m            SELECT sql
            FROM sqlite_master
            WHERE name='index_active_admin_comments_on_resource_type_and_resource_id' AND type='index'
            UNION ALL
            SELECT sql
            FROM sqlite_temp_master
            WHERE name='index_active_admin_comments_on_resource_type_and_resource_id' AND type='index'
[0m
  [1m[35m (0.1ms)[0m  [1m[35mCREATE  INDEX "index_active_admin_comments_on_namespace" ON "active_admin_comments" ("namespace")[0m
  [1m[35mSQL (0.7ms)[0m  [1m[32mINSERT INTO "schema_migrations" ("version") VALUES (?)[0m  [["version", "20180408080755"]]
  [1m[35m (1.7ms)[0m  [1m[36mcommit transaction[0m
Migrating to AddTimeZoneToClient (20180409064651)
  [1m[35m (0.1ms)[0m  [1m[36mbegin transaction[0m
  [1m[35m (2.1ms)[0m  [1m[35mALTER TABLE "clients" ADD "timezone" varchar[0m
  [1m[35mSQL (0.7ms)[0m  [1m[32mINSERT INTO "schema_migrations" ("version") VALUES (?)[0m  [["version", "20180409064651"]]
  [1m[35m (1.0ms)[0m  [1m[36mcommit transaction[0m
  [1m[36mActiveRecord::InternalMetadata Load (0.8ms)[0m  [1m[34mSELECT  "ar_internal_metadata".* FROM "ar_internal_metadata" WHERE "ar_internal_metadata"."key" = ? LIMIT ?[0m  [["key", "environment"], ["LIMIT", 1]]
  [1m[35m (0.1ms)[0m  [1m[36mbegin transaction[0m
  [1m[35mSQL (1.9ms)[0m  [1m[32mINSERT INTO "ar_internal_metadata" ("key", "value", "created_at", "updated_at") VALUES (?, ?, ?, ?)[0m  [["key", "environment"], ["value", "development"], ["created_at", "2018-04-09 06:47:06.755430"], ["updated_at", "2018-04-09 06:47:06.755430"]]
  [1m[35m (1.0ms)[0m  [1m[36mcommit transaction[0m
  [1m[35m (0.5ms)[0m  [1m[34mSELECT "schema_migrations"."version" FROM "schema_migrations" ORDER BY "schema_migrations"."version" ASC[0m
  [1m[35m (0.5ms)[0m  [1m[34m            SELECT sql
            FROM sqlite_master
            WHERE name='index_active_admin_comments_on_namespace' AND type='index'
            UNION ALL
            SELECT sql
            FROM sqlite_temp_master
            WHERE name='index_active_admin_comments_on_namespace' AND type='index'
[0m
  [1m[35m (0.4ms)[0m  [1m[34m            SELECT sql
            FROM sqlite_master
            WHERE name='index_active_admin_comments_on_author_type_and_author_id' AND type='index'
            UNION ALL
            SELECT sql
            FROM sqlite_temp_master
            WHERE name='index_active_admin_comments_on_author_type_and_author_id' AND type='index'
[0m
  [1m[35m (0.4ms)[0m  [1m[34m            SELECT sql
            FROM sqlite_master
            WHERE name='index_active_admin_comments_on_resource_type_and_resource_id' AND type='index'
            UNION ALL
            SELECT sql
            FROM sqlite_temp_master
            WHERE name='index_active_admin_comments_on_resource_type_and_resource_id' AND type='index'
[0m
  [1m[35m (0.5ms)[0m  [1m[34m            SELECT sql
            FROM sqlite_master
            WHERE name='index_admin_users_on_reset_password_token' AND type='index'
            UNION ALL
            SELECT sql
            FROM sqlite_temp_master
            WHERE name='index_admin_users_on_reset_password_token' AND type='index'
[0m
  [1m[35m (0.5ms)[0m  [1m[34m            SELECT sql
            FROM sqlite_master
            WHERE name='index_admin_users_on_email' AND type='index'
            UNION ALL
            SELECT sql
            FROM sqlite_temp_master
            WHERE name='index_admin_users_on_email' AND type='index'
[0m
  [1m[35m (0.7ms)[0m  [1m[34mSELECT "schema_migrations"."version" FROM "schema_migrations" ORDER BY "schema_migrations"."version" ASC[0m
Migrating to AddYearToResult (20180410095633)
  [1m[35m (0.1ms)[0m  [1m[36mbegin transaction[0m
  [1m[35m (3.1ms)[0m  [1m[35mALTER TABLE "results" ADD "year" varchar[0m
  [1m[35m (0.3ms)[0m  [1m[35mALTER TABLE "results" ADD "date" varchar[0m
  [1m[35m (1.8ms)[0m  [1m[31mrollback transaction[0m
  [1m[35m (0.7ms)[0m  [1m[34mSELECT "schema_migrations"."version" FROM "schema_migrations" ORDER BY "schema_migrations"."version" ASC[0m
Migrating to AddYearToResult (20180410095633)
  [1m[35m (0.1ms)[0m  [1m[36mbegin transaction[0m
  [1m[35m (3.3ms)[0m  [1m[35mALTER TABLE "results" ADD "year" varchar[0m
  [1m[35mSQL (0.7ms)[0m  [1m[32mINSERT INTO "schema_migrations" ("version") VALUES (?)[0m  [["version", "20180410095633"]]
  [1m[35m (1.2ms)[0m  [1m[36mcommit transaction[0m
  [1m[36mActiveRecord::InternalMetadata Load (58.9ms)[0m  [1m[34mSELECT  "ar_internal_metadata".* FROM "ar_internal_metadata" WHERE "ar_internal_metadata"."key" = ? LIMIT ?[0m  [["key", "environment"], ["LIMIT", 1]]
  [1m[35m (0.1ms)[0m  [1m[36mbegin transaction[0m
  [1m[35m (0.1ms)[0m  [1m[36mcommit transaction[0m
  [1m[35m (1.7ms)[0m  [1m[34mSELECT "schema_migrations"."version" FROM "schema_migrations" ORDER BY "schema_migrations"."version" ASC[0m
  [1m[35m (0.6ms)[0m  [1m[34m            SELECT sql
            FROM sqlite_master
            WHERE name='index_active_admin_comments_on_namespace' AND type='index'
            UNION ALL
            SELECT sql
            FROM sqlite_temp_master
            WHERE name='index_active_admin_comments_on_namespace' AND type='index'
[0m
  [1m[35m (0.4ms)[0m  [1m[34m            SELECT sql
            FROM sqlite_master
            WHERE name='index_active_admin_comments_on_author_type_and_author_id' AND type='index'
            UNION ALL
            SELECT sql
            FROM sqlite_temp_master
            WHERE name='index_active_admin_comments_on_author_type_and_author_id' AND type='index'
[0m
  [1m[35m (0.5ms)[0m  [1m[34m            SELECT sql
            FROM sqlite_master
            WHERE name='index_active_admin_comments_on_resource_type_and_resource_id' AND type='index'
            UNION ALL
            SELECT sql
            FROM sqlite_temp_master
            WHERE name='index_active_admin_comments_on_resource_type_and_resource_id' AND type='index'
[0m
  [1m[35m (0.5ms)[0m  [1m[34m            SELECT sql
            FROM sqlite_master
            WHERE name='index_admin_users_on_reset_password_token' AND type='index'
            UNION ALL
            SELECT sql
            FROM sqlite_temp_master
            WHERE name='index_admin_users_on_reset_password_token' AND type='index'
[0m
  [1m[35m (0.4ms)[0m  [1m[34m            SELECT sql
            FROM sqlite_master
            WHERE name='index_admin_users_on_email' AND type='index'
            UNION ALL
            SELECT sql
            FROM sqlite_temp_master
            WHERE name='index_admin_users_on_email' AND type='index'
[0m
  [1m[35m (0.8ms)[0m  [1m[34mSELECT "schema_migrations"."version" FROM "schema_migrations" ORDER BY "schema_migrations"."version" ASC[0m
Migrating to AddOntraportIdToClient (20180417150648)
  [1m[35m (0.1ms)[0m  [1m[36mbegin transaction[0m
  [1m[35m (4.4ms)[0m  [1m[35mALTER TABLE "clients" ADD "ontraport_id" varchar[0m
  [1m[35mSQL (1.1ms)[0m  [1m[32mINSERT INTO "schema_migrations" ("version") VALUES (?)[0m  [["version", "20180417150648"]]
  [1m[35m (2.0ms)[0m  [1m[36mcommit transaction[0m
  [1m[36mActiveRecord::InternalMetadata Load (1.6ms)[0m  [1m[34mSELECT  "ar_internal_metadata".* FROM "ar_internal_metadata" WHERE "ar_internal_metadata"."key" = ? LIMIT ?[0m  [["key", "environment"], ["LIMIT", 1]]
  [1m[35m (0.1ms)[0m  [1m[36mbegin transaction[0m
  [1m[35m (0.1ms)[0m  [1m[36mcommit transaction[0m
  [1m[35m (0.9ms)[0m  [1m[34mSELECT "schema_migrations"."version" FROM "schema_migrations" ORDER BY "schema_migrations"."version" ASC[0m
  [1m[35m (0.4ms)[0m  [1m[34m            SELECT sql
            FROM sqlite_master
            WHERE name='index_active_admin_comments_on_namespace' AND type='index'
            UNION ALL
            SELECT sql
            FROM sqlite_temp_master
            WHERE name='index_active_admin_comments_on_namespace' AND type='index'
[0m
  [1m[35m (0.4ms)[0m  [1m[34m            SELECT sql
            FROM sqlite_master
            WHERE name='index_active_admin_comments_on_author_type_and_author_id' AND type='index'
            UNION ALL
            SELECT sql
            FROM sqlite_temp_master
            WHERE name='index_active_admin_comments_on_author_type_and_author_id' AND type='index'
[0m
  [1m[35m (0.4ms)[0m  [1m[34m            SELECT sql
            FROM sqlite_master
            WHERE name='index_active_admin_comments_on_resource_type_and_resource_id' AND type='index'
            UNION ALL
            SELECT sql
            FROM sqlite_temp_master
            WHERE name='index_active_admin_comments_on_resource_type_and_resource_id' AND type='index'
[0m
  [1m[35m (0.4ms)[0m  [1m[34m            SELECT sql
            FROM sqlite_master
            WHERE name='index_admin_users_on_reset_password_token' AND type='index'
            UNION ALL
            SELECT sql
            FROM sqlite_temp_master
            WHERE name='index_admin_users_on_reset_password_token' AND type='index'
[0m
  [1m[35m (0.4ms)[0m  [1m[34m            SELECT sql
            FROM sqlite_master
            WHERE name='index_admin_users_on_email' AND type='index'
            UNION ALL
            SELECT sql
            FROM sqlite_temp_master
            WHERE name='index_admin_users_on_email' AND type='index'
[0m
Started POST "/test" for 124.124.245.209 at 2018-04-19 10:34:59 +0530
Cannot render console from 124.124.245.209! Allowed networks: 127.0.0.1, ::1, 127.0.0.0/127.255.255.255
  [1m[35m (0.2ms)[0m  [1m[34mSELECT "schema_migrations"."version" FROM "schema_migrations" ORDER BY "schema_migrations"."version" ASC[0m
Processing by HomeController#test as */*
Can't verify CSRF token authenticity.
Completed 401 Unauthorized in 7ms (ActiveRecord: 0.0ms)


  
ActionController::InvalidAuthenticityToken (ActionController::InvalidAuthenticityToken):
  
actionpack (5.1.6) lib/action_controller/metal/request_forgery_protection.rb:195:in `handle_unverified_request'
actionpack (5.1.6) lib/action_controller/metal/request_forgery_protection.rb:227:in `handle_unverified_request'
devise (4.4.1) lib/devise/controllers/helpers.rb:255:in `handle_unverified_request'
actionpack (5.1.6) lib/action_controller/metal/request_forgery_protection.rb:222:in `verify_authenticity_token'
activesupport (5.1.6) lib/active_support/callbacks.rb:413:in `block in make_lambda'
activesupport (5.1.6) lib/active_support/callbacks.rb:178:in `block (2 levels) in halting_and_conditional'
actionpack (5.1.6) lib/abstract_controller/callbacks.rb:12:in `block (2 levels) in <module:Callbacks>'
activesupport (5.1.6) lib/active_support/callbacks.rb:179:in `block in halting_and_conditional'
activesupport (5.1.6) lib/active_support/callbacks.rb:507:in `block in invoke_before'
activesupport (5.1.6) lib/active_support/callbacks.rb:507:in `each'
activesupport (5.1.6) lib/active_support/callbacks.rb:507:in `invoke_before'
activesupport (5.1.6) lib/active_support/callbacks.rb:130:in `run_callbacks'
actionpack (5.1.6) lib/abstract_controller/callbacks.rb:19:in `process_action'
actionpack (5.1.6) lib/action_controller/metal/rescue.rb:20:in `process_action'
actionpack (5.1.6) lib/action_controller/metal/instrumentation.rb:32:in `block in process_action'
activesupport (5.1.6) lib/active_support/notifications.rb:166:in `block in instrument'
activesupport (5.1.6) lib/active_support/notifications/instrumenter.rb:21:in `instrument'
activesupport (5.1.6) lib/active_support/notifications.rb:166:in `instrument'
actionpack (5.1.6) lib/action_controller/metal/instrumentation.rb:30:in `process_action'
actionpack (5.1.6) lib/action_controller/metal/params_wrapper.rb:252:in `process_action'
activerecord (5.1.6) lib/active_record/railties/controller_runtime.rb:22:in `process_action'
actionpack (5.1.6) lib/abstract_controller/base.rb:124:in `process'
actionview (5.1.6) lib/action_view/rendering.rb:30:in `process'
actionpack (5.1.6) lib/action_controller/metal.rb:189:in `dispatch'
actionpack (5.1.6) lib/action_controller/metal.rb:253:in `dispatch'
actionpack (5.1.6) lib/action_dispatch/routing/route_set.rb:49:in `dispatch'
actionpack (5.1.6) lib/action_dispatch/routing/route_set.rb:31:in `serve'
actionpack (5.1.6) lib/action_dispatch/journey/router.rb:50:in `block in serve'
actionpack (5.1.6) lib/action_dispatch/journey/router.rb:33:in `each'
actionpack (5.1.6) lib/action_dispatch/journey/router.rb:33:in `serve'
actionpack (5.1.6) lib/action_dispatch/routing/route_set.rb:844:in `call'
warden (1.2.7) lib/warden/manager.rb:36:in `block in call'
warden (1.2.7) lib/warden/manager.rb:35:in `catch'
warden (1.2.7) lib/warden/manager.rb:35:in `call'
rack (2.0.4) lib/rack/etag.rb:25:in `call'
rack (2.0.4) lib/rack/conditional_get.rb:38:in `call'
rack (2.0.4) lib/rack/head.rb:12:in `call'
rack (2.0.4) lib/rack/session/abstract/id.rb:232:in `context'
rack (2.0.4) lib/rack/session/abstract/id.rb:226:in `call'
actionpack (5.1.6) lib/action_dispatch/middleware/cookies.rb:613:in `call'
activerecord (5.1.6) lib/active_record/migration.rb:556:in `call'
actionpack (5.1.6) lib/action_dispatch/middleware/callbacks.rb:26:in `block in call'
activesupport (5.1.6) lib/active_support/callbacks.rb:97:in `run_callbacks'
actionpack (5.1.6) lib/action_dispatch/middleware/callbacks.rb:24:in `call'
actionpack (5.1.6) lib/action_dispatch/middleware/executor.rb:12:in `call'
actionpack (5.1.6) lib/action_dispatch/middleware/debug_exceptions.rb:59:in `call'
web-console (3.5.1) lib/web_console/middleware.rb:135:in `call_app'
web-console (3.5.1) lib/web_console/middleware.rb:20:in `block in call'
web-console (3.5.1) lib/web_console/middleware.rb:18:in `catch'
web-console (3.5.1) lib/web_console/middleware.rb:18:in `call'
actionpack (5.1.6) lib/action_dispatch/middleware/show_exceptions.rb:31:in `call'
railties (5.1.6) lib/rails/rack/logger.rb:36:in `call_app'
railties (5.1.6) lib/rails/rack/logger.rb:24:in `block in call'
activesupport (5.1.6) lib/active_support/tagged_logging.rb:69:in `block in tagged'
activesupport (5.1.6) lib/active_support/tagged_logging.rb:26:in `tagged'
activesupport (5.1.6) lib/active_support/tagged_logging.rb:69:in `tagged'
railties (5.1.6) lib/rails/rack/logger.rb:24:in `call'
sprockets-rails (3.2.1) lib/sprockets/rails/quiet_assets.rb:13:in `call'
actionpack (5.1.6) lib/action_dispatch/middleware/remote_ip.rb:79:in `call'
actionpack (5.1.6) lib/action_dispatch/middleware/request_id.rb:25:in `call'
rack (2.0.4) lib/rack/method_override.rb:22:in `call'
rack (2.0.4) lib/rack/runtime.rb:22:in `call'
activesupport (5.1.6) lib/active_support/cache/strategy/local_cache_middleware.rb:27:in `call'
actionpack (5.1.6) lib/action_dispatch/middleware/executor.rb:12:in `call'
actionpack (5.1.6) lib/action_dispatch/middleware/static.rb:125:in `call'
rack (2.0.4) lib/rack/sendfile.rb:111:in `call'
railties (5.1.6) lib/rails/engine.rb:522:in `call'
puma (3.11.3) lib/puma/configuration.rb:225:in `call'
puma (3.11.3) lib/puma/server.rb:624:in `handle_request'
puma (3.11.3) lib/puma/server.rb:438:in `process_client'
puma (3.11.3) lib/puma/server.rb:302:in `block in run'
puma (3.11.3) lib/puma/thread_pool.rb:120:in `block in spawn_thread'
Started POST "/test" for 124.124.245.209 at 2018-04-19 10:35:53 +0530
Cannot render console from 124.124.245.209! Allowed networks: 127.0.0.1, ::1, 127.0.0.0/127.255.255.255
Processing by HomeController#test as */*
No template found for HomeController#test, rendering head :no_content
Completed 204 No Content in 3269ms


Started GET "/test" for 13.76.241.210 at 2018-04-19 10:37:34 +0530
Cannot render console from 13.76.241.210! Allowed networks: 127.0.0.1, ::1, 127.0.0.0/127.255.255.255
  
ActionController::RoutingError (No route matches [GET] "/test"):
  
actionpack (5.1.6) lib/action_dispatch/middleware/debug_exceptions.rb:63:in `call'
web-console (3.5.1) lib/web_console/middleware.rb:135:in `call_app'
web-console (3.5.1) lib/web_console/middleware.rb:20:in `block in call'
web-console (3.5.1) lib/web_console/middleware.rb:18:in `catch'
web-console (3.5.1) lib/web_console/middleware.rb:18:in `call'
actionpack (5.1.6) lib/action_dispatch/middleware/show_exceptions.rb:31:in `call'
railties (5.1.6) lib/rails/rack/logger.rb:36:in `call_app'
railties (5.1.6) lib/rails/rack/logger.rb:24:in `block in call'
activesupport (5.1.6) lib/active_support/tagged_logging.rb:69:in `block in tagged'
activesupport (5.1.6) lib/active_support/tagged_logging.rb:26:in `tagged'
activesupport (5.1.6) lib/active_support/tagged_logging.rb:69:in `tagged'
railties (5.1.6) lib/rails/rack/logger.rb:24:in `call'
sprockets-rails (3.2.1) lib/sprockets/rails/quiet_assets.rb:13:in `call'
actionpack (5.1.6) lib/action_dispatch/middleware/remote_ip.rb:79:in `call'
actionpack (5.1.6) lib/action_dispatch/middleware/request_id.rb:25:in `call'
rack (2.0.4) lib/rack/method_override.rb:22:in `call'
rack (2.0.4) lib/rack/runtime.rb:22:in `call'
activesupport (5.1.6) lib/active_support/cache/strategy/local_cache_middleware.rb:27:in `call'
actionpack (5.1.6) lib/action_dispatch/middleware/executor.rb:12:in `call'
actionpack (5.1.6) lib/action_dispatch/middleware/static.rb:125:in `call'
rack (2.0.4) lib/rack/sendfile.rb:111:in `call'
railties (5.1.6) lib/rails/engine.rb:522:in `call'
puma (3.11.3) lib/puma/configuration.rb:225:in `call'
puma (3.11.3) lib/puma/server.rb:624:in `handle_request'
puma (3.11.3) lib/puma/server.rb:438:in `process_client'
puma (3.11.3) lib/puma/server.rb:302:in `block in run'
puma (3.11.3) lib/puma/thread_pool.rb:120:in `block in spawn_thread'
Started GET "/test" for 13.76.241.210 at 2018-04-19 10:37:38 +0530
Cannot render console from 13.76.241.210! Allowed networks: 127.0.0.1, ::1, 127.0.0.0/127.255.255.255
  
ActionController::RoutingError (No route matches [GET] "/test"):
  
actionpack (5.1.6) lib/action_dispatch/middleware/debug_exceptions.rb:63:in `call'
web-console (3.5.1) lib/web_console/middleware.rb:135:in `call_app'
web-console (3.5.1) lib/web_console/middleware.rb:20:in `block in call'
web-console (3.5.1) lib/web_console/middleware.rb:18:in `catch'
web-console (3.5.1) lib/web_console/middleware.rb:18:in `call'
actionpack (5.1.6) lib/action_dispatch/middleware/show_exceptions.rb:31:in `call'
railties (5.1.6) lib/rails/rack/logger.rb:36:in `call_app'
railties (5.1.6) lib/rails/rack/logger.rb:24:in `block in call'
activesupport (5.1.6) lib/active_support/tagged_logging.rb:69:in `block in tagged'
activesupport (5.1.6) lib/active_support/tagged_logging.rb:26:in `tagged'
activesupport (5.1.6) lib/active_support/tagged_logging.rb:69:in `tagged'
railties (5.1.6) lib/rails/rack/logger.rb:24:in `call'
sprockets-rails (3.2.1) lib/sprockets/rails/quiet_assets.rb:13:in `call'
actionpack (5.1.6) lib/action_dispatch/middleware/remote_ip.rb:79:in `call'
actionpack (5.1.6) lib/action_dispatch/middleware/request_id.rb:25:in `call'
rack (2.0.4) lib/rack/method_override.rb:22:in `call'
rack (2.0.4) lib/rack/runtime.rb:22:in `call'
activesupport (5.1.6) lib/active_support/cache/strategy/local_cache_middleware.rb:27:in `call'
actionpack (5.1.6) lib/action_dispatch/middleware/executor.rb:12:in `call'
actionpack (5.1.6) lib/action_dispatch/middleware/static.rb:125:in `call'
rack (2.0.4) lib/rack/sendfile.rb:111:in `call'
railties (5.1.6) lib/rails/engine.rb:522:in `call'
puma (3.11.3) lib/puma/configuration.rb:225:in `call'
puma (3.11.3) lib/puma/server.rb:624:in `handle_request'
puma (3.11.3) lib/puma/server.rb:438:in `process_client'
puma (3.11.3) lib/puma/server.rb:302:in `block in run'
puma (3.11.3) lib/puma/thread_pool.rb:120:in `block in spawn_thread'
Started GET "/test" for 1.144.110.134 at 2018-04-19 10:38:44 +0530
Cannot render console from 1.144.110.134! Allowed networks: 127.0.0.1, ::1, 127.0.0.0/127.255.255.255
  
ActionController::RoutingError (No route matches [GET] "/test"):
  
actionpack (5.1.6) lib/action_dispatch/middleware/debug_exceptions.rb:63:in `call'
web-console (3.5.1) lib/web_console/middleware.rb:135:in `call_app'
web-console (3.5.1) lib/web_console/middleware.rb:20:in `block in call'
web-console (3.5.1) lib/web_console/middleware.rb:18:in `catch'
web-console (3.5.1) lib/web_console/middleware.rb:18:in `call'
actionpack (5.1.6) lib/action_dispatch/middleware/show_exceptions.rb:31:in `call'
railties (5.1.6) lib/rails/rack/logger.rb:36:in `call_app'
railties (5.1.6) lib/rails/rack/logger.rb:24:in `block in call'
activesupport (5.1.6) lib/active_support/tagged_logging.rb:69:in `block in tagged'
activesupport (5.1.6) lib/active_support/tagged_logging.rb:26:in `tagged'
activesupport (5.1.6) lib/active_support/tagged_logging.rb:69:in `tagged'
railties (5.1.6) lib/rails/rack/logger.rb:24:in `call'
sprockets-rails (3.2.1) lib/sprockets/rails/quiet_assets.rb:13:in `call'
actionpack (5.1.6) lib/action_dispatch/middleware/remote_ip.rb:79:in `call'
actionpack (5.1.6) lib/action_dispatch/middleware/request_id.rb:25:in `call'
rack (2.0.4) lib/rack/method_override.rb:22:in `call'
rack (2.0.4) lib/rack/runtime.rb:22:in `call'
activesupport (5.1.6) lib/active_support/cache/strategy/local_cache_middleware.rb:27:in `call'
actionpack (5.1.6) lib/action_dispatch/middleware/executor.rb:12:in `call'
actionpack (5.1.6) lib/action_dispatch/middleware/static.rb:125:in `call'
rack (2.0.4) lib/rack/sendfile.rb:111:in `call'
railties (5.1.6) lib/rails/engine.rb:522:in `call'
puma (3.11.3) lib/puma/configuration.rb:225:in `call'
puma (3.11.3) lib/puma/server.rb:624:in `handle_request'
puma (3.11.3) lib/puma/server.rb:438:in `process_client'
puma (3.11.3) lib/puma/server.rb:302:in `block in run'
puma (3.11.3) lib/puma/thread_pool.rb:120:in `block in spawn_thread'
Started GET "/test" for 1.144.110.134 at 2018-04-19 10:39:14 +0530
Cannot render console from 1.144.110.134! Allowed networks: 127.0.0.1, ::1, 127.0.0.0/127.255.255.255
  
ActionController::RoutingError (No route matches [GET] "/test"):
  
actionpack (5.1.6) lib/action_dispatch/middleware/debug_exceptions.rb:63:in `call'
web-console (3.5.1) lib/web_console/middleware.rb:135:in `call_app'
web-console (3.5.1) lib/web_console/middleware.rb:20:in `block in call'
web-console (3.5.1) lib/web_console/middleware.rb:18:in `catch'
web-console (3.5.1) lib/web_console/middleware.rb:18:in `call'
actionpack (5.1.6) lib/action_dispatch/middleware/show_exceptions.rb:31:in `call'
railties (5.1.6) lib/rails/rack/logger.rb:36:in `call_app'
railties (5.1.6) lib/rails/rack/logger.rb:24:in `block in call'
activesupport (5.1.6) lib/active_support/tagged_logging.rb:69:in `block in tagged'
activesupport (5.1.6) lib/active_support/tagged_logging.rb:26:in `tagged'
activesupport (5.1.6) lib/active_support/tagged_logging.rb:69:in `tagged'
railties (5.1.6) lib/rails/rack/logger.rb:24:in `call'
sprockets-rails (3.2.1) lib/sprockets/rails/quiet_assets.rb:13:in `call'
actionpack (5.1.6) lib/action_dispatch/middleware/remote_ip.rb:79:in `call'
actionpack (5.1.6) lib/action_dispatch/middleware/request_id.rb:25:in `call'
rack (2.0.4) lib/rack/method_override.rb:22:in `call'
rack (2.0.4) lib/rack/runtime.rb:22:in `call'
activesupport (5.1.6) lib/active_support/cache/strategy/local_cache_middleware.rb:27:in `call'
actionpack (5.1.6) lib/action_dispatch/middleware/executor.rb:12:in `call'
actionpack (5.1.6) lib/action_dispatch/middleware/static.rb:125:in `call'
rack (2.0.4) lib/rack/sendfile.rb:111:in `call'
railties (5.1.6) lib/rails/engine.rb:522:in `call'
puma (3.11.3) lib/puma/configuration.rb:225:in `call'
puma (3.11.3) lib/puma/server.rb:624:in `handle_request'
puma (3.11.3) lib/puma/server.rb:438:in `process_client'
puma (3.11.3) lib/puma/server.rb:302:in `block in run'
puma (3.11.3) lib/puma/thread_pool.rb:120:in `block in spawn_thread'
Started GET "/test" for 1.144.110.134 at 2018-04-19 10:40:22 +0530
Cannot render console from 1.144.110.134! Allowed networks: 127.0.0.1, ::1, 127.0.0.0/127.255.255.255
  
SyntaxError (/Users/dev/mmc/test1/blog/app/controllers/home_controller.rb:187: syntax error, unexpected ':', expecting '}'
    render json{status: true}
                       ^):
  
app/controllers/home_controller.rb:187: syntax error, unexpected ':', expecting '}'
Started GET "/test" for 1.144.110.134 at 2018-04-19 10:40:37 +0530
Cannot render console from 1.144.110.134! Allowed networks: 127.0.0.1, ::1, 127.0.0.0/127.255.255.255
Processing by HomeController#test as HTML
Completed 200 OK in 34128ms (Views: 0.4ms)


Started POST "/test" for 124.124.245.209 at 2018-04-19 10:55:21 +0530
Cannot render console from 124.124.245.209! Allowed networks: 127.0.0.1, ::1, 127.0.0.0/127.255.255.255
  
ActionController::RoutingError (No route matches [POST] "/test"):
  
actionpack (5.1.6) lib/action_dispatch/middleware/debug_exceptions.rb:63:in `call'
web-console (3.5.1) lib/web_console/middleware.rb:135:in `call_app'
web-console (3.5.1) lib/web_console/middleware.rb:20:in `block in call'
web-console (3.5.1) lib/web_console/middleware.rb:18:in `catch'
web-console (3.5.1) lib/web_console/middleware.rb:18:in `call'
actionpack (5.1.6) lib/action_dispatch/middleware/show_exceptions.rb:31:in `call'
railties (5.1.6) lib/rails/rack/logger.rb:36:in `call_app'
railties (5.1.6) lib/rails/rack/logger.rb:24:in `block in call'
activesupport (5.1.6) lib/active_support/tagged_logging.rb:69:in `block in tagged'
activesupport (5.1.6) lib/active_support/tagged_logging.rb:26:in `tagged'
activesupport (5.1.6) lib/active_support/tagged_logging.rb:69:in `tagged'
railties (5.1.6) lib/rails/rack/logger.rb:24:in `call'
sprockets-rails (3.2.1) lib/sprockets/rails/quiet_assets.rb:13:in `call'
actionpack (5.1.6) lib/action_dispatch/middleware/remote_ip.rb:79:in `call'
actionpack (5.1.6) lib/action_dispatch/middleware/request_id.rb:25:in `call'
rack (2.0.4) lib/rack/method_override.rb:22:in `call'
rack (2.0.4) lib/rack/runtime.rb:22:in `call'
activesupport (5.1.6) lib/active_support/cache/strategy/local_cache_middleware.rb:27:in `call'
actionpack (5.1.6) lib/action_dispatch/middleware/executor.rb:12:in `call'
actionpack (5.1.6) lib/action_dispatch/middleware/static.rb:125:in `call'
rack (2.0.4) lib/rack/sendfile.rb:111:in `call'
railties (5.1.6) lib/rails/engine.rb:522:in `call'
puma (3.11.3) lib/puma/configuration.rb:225:in `call'
puma (3.11.3) lib/puma/server.rb:624:in `handle_request'
puma (3.11.3) lib/puma/server.rb:438:in `process_client'
puma (3.11.3) lib/puma/server.rb:302:in `block in run'
puma (3.11.3) lib/puma/thread_pool.rb:120:in `block in spawn_thread'
Started GET "/test" for 1.144.110.134 at 2018-04-19 10:56:19 +0530
Cannot render console from 1.144.110.134! Allowed networks: 127.0.0.1, ::1, 127.0.0.0/127.255.255.255
Processing by HomeController#test as HTML
Completed 200 OK in 17245ms (Views: 0.2ms)


Started GET "/test" for 1.144.110.134 at 2018-04-19 11:45:33 +0530
Cannot render console from 1.144.110.134! Allowed networks: 127.0.0.1, ::1, 127.0.0.0/127.255.255.255
Processing by HomeController#test as HTML
Completed 200 OK in 35244ms (Views: 0.2ms)


Started GET "/test" for 1.144.110.134 at 2018-04-19 11:57:47 +0530
Cannot render console from 1.144.110.134! Allowed networks: 127.0.0.1, ::1, 127.0.0.0/127.255.255.255
Processing by HomeController#test as HTML
Completed 200 OK in 932054ms (Views: 0.2ms)


  [1m[35m (0.9ms)[0m  [1m[34mSELECT "schema_migrations"."version" FROM "schema_migrations" ORDER BY "schema_migrations"."version" ASC[0m
Migrating to CreateData (20180419174614)
  [1m[35m (0.1ms)[0m  [1m[36mbegin transaction[0m
  [1m[35m (0.1ms)[0m  [1m[34mSELECT sqlite_version(*)[0m
  [1m[35m (4.6ms)[0m  [1m[35mCREATE TABLE "data" ("id" INTEGER PRIMARY KEY AUTOINCREMENT NOT NULL, "name" text, "created_at" datetime NOT NULL, "updated_at" datetime NOT NULL)[0m
  [1m[35mSQL (0.9ms)[0m  [1m[32mINSERT INTO "schema_migrations" ("version") VALUES (?)[0m  [["version", "20180419174614"]]
  [1m[35m (1.0ms)[0m  [1m[36mcommit transaction[0m
  [1m[36mActiveRecord::InternalMetadata Load (0.9ms)[0m  [1m[34mSELECT  "ar_internal_metadata".* FROM "ar_internal_metadata" WHERE "ar_internal_metadata"."key" = ? LIMIT ?[0m  [["key", "environment"], ["LIMIT", 1]]
  [1m[35m (0.1ms)[0m  [1m[36mbegin transaction[0m
  [1m[35m (0.1ms)[0m  [1m[36mcommit transaction[0m
  [1m[35m (0.8ms)[0m  [1m[34mSELECT "schema_migrations"."version" FROM "schema_migrations" ORDER BY "schema_migrations"."version" ASC[0m
  [1m[35m (0.5ms)[0m  [1m[34m            SELECT sql
            FROM sqlite_master
            WHERE name='index_active_admin_comments_on_namespace' AND type='index'
            UNION ALL
            SELECT sql
            FROM sqlite_temp_master
            WHERE name='index_active_admin_comments_on_namespace' AND type='index'
[0m
  [1m[35m (0.4ms)[0m  [1m[34m            SELECT sql
            FROM sqlite_master
            WHERE name='index_active_admin_comments_on_author_type_and_author_id' AND type='index'
            UNION ALL
            SELECT sql
            FROM sqlite_temp_master
            WHERE name='index_active_admin_comments_on_author_type_and_author_id' AND type='index'
[0m
  [1m[35m (0.4ms)[0m  [1m[34m            SELECT sql
            FROM sqlite_master
            WHERE name='index_active_admin_comments_on_resource_type_and_resource_id' AND type='index'
            UNION ALL
            SELECT sql
            FROM sqlite_temp_master
            WHERE name='index_active_admin_comments_on_resource_type_and_resource_id' AND type='index'
[0m
  [1m[35m (0.5ms)[0m  [1m[34m            SELECT sql
            FROM sqlite_master
            WHERE name='index_admin_users_on_reset_password_token' AND type='index'
            UNION ALL
            SELECT sql
            FROM sqlite_temp_master
            WHERE name='index_admin_users_on_reset_password_token' AND type='index'
[0m
  [1m[35m (0.5ms)[0m  [1m[34m            SELECT sql
            FROM sqlite_master
            WHERE name='index_admin_users_on_email' AND type='index'
            UNION ALL
            SELECT sql
            FROM sqlite_temp_master
            WHERE name='index_admin_users_on_email' AND type='index'
[0m
Started GET "/" for 192.168.3.1 at 2018-05-02 05:51:57 +0000
Cannot render console from 192.168.3.1! Allowed networks: 127.0.0.1, ::1, 127.0.0.0/127.255.255.255
  [1m[35m (0.6ms)[0m  [1m[34mSELECT "schema_migrations"."version" FROM "schema_migrations" ORDER BY "schema_migrations"."version" ASC[0m
Processing by HomeController#filestack as HTML
  Rendering home/filestack.html.erb within layouts/application
  Rendered home/filestack.html.erb within layouts/application (5.6ms)
Completed 200 OK in 7123ms (Views: 7093.5ms | ActiveRecord: 0.0ms)


  [1m[35m (0.7ms)[0m  [1m[34mSELECT "schema_migrations"."version" FROM "schema_migrations" ORDER BY "schema_migrations"."version" ASC[0m
Migrating to AddAllMonthAverageIncomeToClient (20180504113338)
  [1m[35m (0.1ms)[0m  [1m[36mbegin transaction[0m
  [1m[35m (4.5ms)[0m  [1m[35mALTER TABLE "clients" ADD "all_month_average_income" varchar[0m
  [1m[35mSQL (1.1ms)[0m  [1m[32mINSERT INTO "schema_migrations" ("version") VALUES (?)[0m  [["version", "20180504113338"]]
  [1m[35m (1.6ms)[0m  [1m[36mcommit transaction[0m
  [1m[36mActiveRecord::InternalMetadata Load (1.1ms)[0m  [1m[34mSELECT  "ar_internal_metadata".* FROM "ar_internal_metadata" WHERE "ar_internal_metadata"."key" = ? LIMIT ?[0m  [["key", "environment"], ["LIMIT", 1]]
  [1m[35m (0.1ms)[0m  [1m[36mbegin transaction[0m
  [1m[35m (0.1ms)[0m  [1m[36mcommit transaction[0m
  [1m[35m (0.9ms)[0m  [1m[34mSELECT "schema_migrations"."version" FROM "schema_migrations" ORDER BY "schema_migrations"."version" ASC[0m
  [1m[35m (0.5ms)[0m  [1m[34m            SELECT sql
            FROM sqlite_master
            WHERE name='index_active_admin_comments_on_namespace' AND type='index'
            UNION ALL
            SELECT sql
            FROM sqlite_temp_master
            WHERE name='index_active_admin_comments_on_namespace' AND type='index'
[0m
  [1m[35m (0.5ms)[0m  [1m[34m            SELECT sql
            FROM sqlite_master
            WHERE name='index_active_admin_comments_on_author_type_and_author_id' AND type='index'
            UNION ALL
            SELECT sql
            FROM sqlite_temp_master
            WHERE name='index_active_admin_comments_on_author_type_and_author_id' AND type='index'
[0m
  [1m[35m (0.5ms)[0m  [1m[34m            SELECT sql
            FROM sqlite_master
            WHERE name='index_active_admin_comments_on_resource_type_and_resource_id' AND type='index'
            UNION ALL
            SELECT sql
            FROM sqlite_temp_master
            WHERE name='index_active_admin_comments_on_resource_type_and_resource_id' AND type='index'
[0m
  [1m[35m (0.5ms)[0m  [1m[34m            SELECT sql
            FROM sqlite_master
            WHERE name='index_admin_users_on_reset_password_token' AND type='index'
            UNION ALL
            SELECT sql
            FROM sqlite_temp_master
            WHERE name='index_admin_users_on_reset_password_token' AND type='index'
[0m
  [1m[35m (0.7ms)[0m  [1m[34m            SELECT sql
            FROM sqlite_master
            WHERE name='index_admin_users_on_email' AND type='index'
            UNION ALL
            SELECT sql
            FROM sqlite_temp_master
            WHERE name='index_admin_users_on_email' AND type='index'
[0m
  [1m[35m (0.8ms)[0m  [1m[34mSELECT COUNT(*) FROM "clients"[0m
  [1m[36mClient Load (1.0ms)[0m  [1m[34mSELECT "clients".* FROM "clients" WHERE "clients"."clientid" = ?[0m  [["clientid", "recEu6mySV0t6BOqg"]]
  [1m[35m (0.1ms)[0m  [1m[36mbegin transaction[0m
  [1m[35mSQL (4.1ms)[0m  [1m[32mINSERT INTO "clients" ("clientid", "mobile", "first_name", "last_name", "email", "avg_revenue", "created_at", "updated_at", "all_month_average_income") VALUES (?, ?, ?, ?, ?, ?, ?, ?, ?)[0m  [["clientid", "recEu6mySV0t6BOqg"], ["mobile", "61420352343"], ["first_name", "Shaun"], ["last_name", "Testing"], ["email", "hughstonshaun@gmail.com"], ["avg_revenue", "{\"specialValue\"=>\"NaN\"}"], ["created_at", "2018-05-04 11:51:58.913098"], ["updated_at", "2018-05-04 11:51:58.913098"], ["all_month_average_income", "17"]]
  [1m[35m (1.4ms)[0m  [1m[36mcommit transaction[0m
  [1m[35m (0.8ms)[0m  [1m[34mSELECT COUNT(*) FROM "clients"[0m
  [1m[36mClient Load (1.1ms)[0m  [1m[34mSELECT  "clients".* FROM "clients" LIMIT ?[0m  [["LIMIT", 11]]
  [1m[36mClient Load (1.4ms)[0m  [1m[34mSELECT  "clients".* FROM "clients" ORDER BY "clients"."id" ASC LIMIT ?[0m  [["LIMIT", 1]]
  [1m[36mResult Load (1.2ms)[0m  [1m[34mSELECT  "results".* FROM "results" WHERE "results"."client_id" = ? LIMIT ?[0m  [["client_id", 1], ["LIMIT", 11]]
  [1m[36mClient Load (1.2ms)[0m  [1m[34mSELECT  "clients".* FROM "clients" ORDER BY "clients"."id" ASC LIMIT ?[0m  [["LIMIT", 1]]
  [1m[36mResult Load (0.9ms)[0m  [1m[34mSELECT  "results".* FROM "results" WHERE "results"."client_id" = ? ORDER BY "results"."id" DESC LIMIT ?[0m  [["client_id", 1], ["LIMIT", 3]]
